0 info it worked if it ends with ok
1 verbose cli [ 'node', '/Users/brandondail/.npm-packages/bin/npm', 'start' ]
2 info using npm@2.1.8
3 info using node@v0.12.0
4 verbose run-script [ 'prestart', 'start', 'poststart' ]
5 info prestart GoogleFontDownloader@0.0.1
6 info start GoogleFontDownloader@0.0.1
7 verbose unsafe-perm in lifecycle true
8 info GoogleFontDownloader@0.0.1 Failed to exec start script
9 verbose stack Error: GoogleFontDownloader@0.0.1 start: `node --harmony index.js`
9 verbose stack Exit status 1
9 verbose stack     at EventEmitter.<anonymous> (/Users/brandondail/.npm-packages/lib/node_modules/npm/lib/utils/lifecycle.js:212:16)
9 verbose stack     at EventEmitter.emit (events.js:110:17)
9 verbose stack     at ChildProcess.<anonymous> (/Users/brandondail/.npm-packages/lib/node_modules/npm/lib/utils/spawn.js:14:12)
9 verbose stack     at ChildProcess.emit (events.js:110:17)
9 verbose stack     at maybeClose (child_process.js:1008:16)
9 verbose stack     at Process.ChildProcess._handle.onexit (child_process.js:1080:5)
10 verbose pkgid GoogleFontDownloader@0.0.1
11 verbose cwd /Users/brandondail/.dev/GoogleFonts
12 error Darwin 14.0.0
13 error argv "node" "/Users/brandondail/.npm-packages/bin/npm" "start"
14 error node v0.12.0
15 error npm  v2.1.8
16 error code ELIFECYCLE
17 error GoogleFontDownloader@0.0.1 start: `node --harmony index.js`
17 error Exit status 1
18 error Failed at the GoogleFontDownloader@0.0.1 start script 'node --harmony index.js'.
18 error This is most likely a problem with the GoogleFontDownloader package,
18 error not with npm itself.
18 error Tell the author that this fails on your system:
18 error     node --harmony index.js
18 error You can get their info via:
18 error     npm owner ls GoogleFontDownloader
18 error There is likely additional logging output above.
19 verbose exit [ 1, true ]
